<?xml version='1.0' encoding='UTF-8'?>
<testsuite hostname="PC_de_Mehdi" name="fireworks.FireworksSuite" tests="12" errors="0" failures="11" skipped="0" time="0.229" timestamp="2024-09-18T18:43:26">
          <properties>
      <property name="java.specification.version" value="17"/><property name="sun.cpu.isalist" value="amd64"/><property name="sun.jnu.encoding" value="Cp1252"/><property name="sun.arch.data.model" value="64"/><property name="java.vendor.url" value="https://java.oracle.com/"/><property name="sun.boot.library.path" value="C:\Program Files\Java\jdk-17\bin"/><property name="sun.java.command" value="xsbt.boot.Boot test"/><property name="jdk.debug" value="release"/><property name="sun.stderr.encoding" value="cp850"/><property name="java.specification.vendor" value="Oracle Corporation"/><property name="java.version.date" value="2024-07-16"/><property name="java.home" value="C:\Program Files\Java\jdk-17"/><property name="file.separator" value="\"/><property name="java.vm.compressedOopsMode" value="32-bit"/><property name="line.separator" value="
"/><property name="sun.stdout.encoding" value="cp850"/><property name="java.vm.specification.vendor" value="Oracle Corporation"/><property name="java.specification.name" value="Java Platform API Specification"/><property name="user.script" value=""/><property name="sun.management.compiler" value="HotSpot 64-Bit Tiered Compilers"/><property name="java.runtime.version" value="17.0.12+8-LTS-286"/><property name="user.name" value="Dmh"/><property name="log4j.ignoreTCL" value="true"/><property name="file.encoding" value="UTF-8"/><property name="jnidispatch.path" value="C:\Users\jenes\AppData\Local\Temp\jna-68831\jna16070544192222537786.dll"/><property name="jna.loaded" value="true"/><property name="java.io.tmpdir" value="C:\Users\jenes\AppData\Local\Temp\"/><property name="java.version" value="17.0.12"/><property name="java.vm.specification.name" value="Java Virtual Machine Specification"/><property name="sun.os.patch.level" value=""/><property name="native.encoding" value="Cp1252"/><property name="java.library.path" value="C:\Program Files\Java\jdk-17\bin;C:\Windows\Sun\Java\bin;C:\Windows\system32;C:\Windows;C:\Program Files\Java\jdk-17\bin;C:\Program Files\Java\jdk-17\bin;C:\Program Files\Common Files\Oracle\Java\javapath;C:\Windows\system32;C:\Windows;C:\Windows\System32\Wbem;C:\Windows\System32\WindowsPowerShell\v1.0\;C:\Windows\System32\OpenSSH\;C:\Program Files\NVIDIA Corporation\NVIDIA NvDLISR;C:\Program Files (x86)\NVIDIA Corporation\PhysX\Common;C:\Program Files (x86)\dotnet\;C:\Program Files\dotnet\;C:\Program Files\Git\cmd;C:\Program Files (x86)\sbt\bin;C:\Users\jenes\AppData\Local\Programs\Python\Python312\Scripts\;C:\Users\jenes\AppData\Local\Programs\Python\Python312\;C:\Users\jenes\AppData\Local\Microsoft\WindowsApps;C:\Users\jenes\AppData\Local\Programs\Microsoft VS Code\bin;C:\Program Files\JetBrains\IntelliJ IDEA 2024.2.0.2\bin;C:\Program Files\JetBrains\IntelliJ IDEA Community Edition 2024.2.0.1\bin;C:\Users\jenes\AppData\Local\Coursier\data\bin;;."/><property name="java.vendor" value="Oracle Corporation"/><property name="scala.ext.dirs" value="C:\Users\jenes\.sbt\1.0\java9-rt-ext-oracle_corporation_17_0_12"/><property name="sun.io.unicode.encoding" value="UnicodeLittle"/><property name="java.class.path" value="C:\Program Files (x86)\sbt\\bin\sbt-launch.jar"/><property name="java.vm.vendor" value="Oracle Corporation"/><property name="user.variant" value=""/><property name="jline.shutdownhook" value="false"/><property name="user.timezone" value="Europe/Paris"/><property name="java.vm.specification.version" value="17"/><property name="os.name" value="Windows 11"/><property name="sun.java.launcher" value="SUN_STANDARD"/><property name="user.country" value="FR"/><property name="sun.cpu.endian" value="little"/><property name="user.home" value="C:\Users\jenes"/><property name="user.language" value="fr"/><property name="sbt.ipcsocket.tmpdir" value="C:\Users\jenes\AppData\Local\Temp\.sbt26b99a27\ipcsocket"/><property name="swoval.tmpdir" value="C:\Users\jenes\AppData\Local\Temp\.sbt26b99a27\swoval"/><property name="jline.esc.timeout" value="0"/><property name="path.separator" value=";"/><property name="os.version" value="10.0"/><property name="jna.nosys" value="true"/><property name="java.runtime.name" value="Java(TM) SE Runtime Environment"/><property name="java.vm.name" value="Java HotSpot(TM) 64-Bit Server VM"/><property name="java.vendor.url.bug" value="https://bugreport.java.com/bugreport/"/><property name="user.dir" value="C:\Users\jenes\Desktop\test\fireworks"/><property name="os.arch" value="amd64"/><property name="java.vm.info" value="mixed mode, sharing"/><property name="java.vm.version" value="17.0.12+8-LTS-286"/><property name="java.class.version" value="61.0"/>
    </properties>
          <testcase classname="fireworks.FireworksSuite" name="'Firework.next' returns 'Done' when given 'Done' `" time="0.042">
                      <failure message="scala.NotImplementedError: an implementation is missing" type="sbt.ForkMain$ForkError">sbt.ForkMain$ForkError: scala.NotImplementedError: an implementation is missing
	at scala.Predef$.$qmark$qmark$qmark(Predef.scala:344)
	at fireworks.Firework$.next(Fireworks.scala:48)
	at fireworks.FireworksSuite.$init$$$anonfun$1(FireworksSuite.scala:11)
</failure>
                    </testcase><testcase classname="fireworks.FireworksSuite" name="'Firework.next' returns 'Waiting' or 'Launched' when given 'Waiting'" time="0.122">
                      <failure message="java.lang.AssertionError: An exception was thrown during property evaluation: scala.NotImplementedError: an implementation is missing" type="sbt.ForkMain$ForkError">sbt.ForkMain$ForkError: java.lang.AssertionError: An exception was thrown during property evaluation: scala.NotImplementedError: an implementation is missing
	at fireworks.FireworksSuite.failure$1(FireworksSuite.scala:170)
	at fireworks.FireworksSuite.checkProperty(FireworksSuite.scala:177)
	at fireworks.FireworksSuite.property$$anonfun$1(FireworksSuite.scala:164)
</failure>
                    </testcase><testcase classname="fireworks.FireworksSuite" name="'Firework.next' returns 'Launched' or 'Exploding' when given 'Launched'" time="0.01">
                      <failure message="java.lang.AssertionError: An exception was thrown during property evaluation: scala.NotImplementedError: an implementation is missing" type="sbt.ForkMain$ForkError">sbt.ForkMain$ForkError: java.lang.AssertionError: An exception was thrown during property evaluation: scala.NotImplementedError: an implementation is missing
	at fireworks.FireworksSuite.failure$1(FireworksSuite.scala:170)
	at fireworks.FireworksSuite.checkProperty(FireworksSuite.scala:177)
	at fireworks.FireworksSuite.property$$anonfun$1(FireworksSuite.scala:164)
</failure>
                    </testcase><testcase classname="fireworks.FireworksSuite" name="'Firework.next' returns 'Exploding' or 'Done' when given 'Exploding'" time="0.014">
                      <failure message="java.lang.AssertionError: An exception was thrown during property evaluation: scala.NotImplementedError: an implementation is missing" type="sbt.ForkMain$ForkError">sbt.ForkMain$ForkError: java.lang.AssertionError: An exception was thrown during property evaluation: scala.NotImplementedError: an implementation is missing
	at fireworks.FireworksSuite.failure$1(FireworksSuite.scala:170)
	at fireworks.FireworksSuite.checkProperty(FireworksSuite.scala:177)
	at fireworks.FireworksSuite.property$$anonfun$1(FireworksSuite.scala:164)
</failure>
                    </testcase><testcase classname="fireworks.FireworksSuite" name="Operation 'next' on class 'Waiting' should return the same 'Waiting' value with a decremented 'countDown' until it is zero or negative" time="0.03">
                      
                    </testcase><testcase classname="fireworks.FireworksSuite" name="Operation 'next' on class 'Waiting' should return a 'Launched' value if the 'countDown' is zero or negative" time="0.001">
                      <failure message="java.lang.AssertionError: An exception was thrown during property evaluation: scala.NotImplementedError: an implementation is missing" type="sbt.ForkMain$ForkError">sbt.ForkMain$ForkError: java.lang.AssertionError: An exception was thrown during property evaluation: scala.NotImplementedError: an implementation is missing
	at fireworks.FireworksSuite.failure$1(FireworksSuite.scala:170)
	at fireworks.FireworksSuite.checkProperty(FireworksSuite.scala:177)
	at fireworks.FireworksSuite.property$$anonfun$1(FireworksSuite.scala:164)
</failure>
                    </testcase><testcase classname="fireworks.FireworksSuite" name="Operation 'next' on class 'Launched' should return a 'Launched' value with a decremented 'countDown' until it is zero or negative" time="0.001">
                      <failure message="java.lang.AssertionError: An exception was thrown during property evaluation: scala.NotImplementedError: an implementation is missing" type="sbt.ForkMain$ForkError">sbt.ForkMain$ForkError: java.lang.AssertionError: An exception was thrown during property evaluation: scala.NotImplementedError: an implementation is missing
	at fireworks.FireworksSuite.failure$1(FireworksSuite.scala:170)
	at fireworks.FireworksSuite.checkProperty(FireworksSuite.scala:177)
	at fireworks.FireworksSuite.property$$anonfun$1(FireworksSuite.scala:164)
</failure>
                    </testcase><testcase classname="fireworks.FireworksSuite" name="Operation 'next' on class 'Launched' should return a 'Launched' value with an updated 'position' until the 'countDown' is zero or negative" time="0.002">
                      <failure message="java.lang.AssertionError: An exception was thrown during property evaluation: scala.NotImplementedError: an implementation is missing" type="sbt.ForkMain$ForkError">sbt.ForkMain$ForkError: java.lang.AssertionError: An exception was thrown during property evaluation: scala.NotImplementedError: an implementation is missing
	at fireworks.FireworksSuite.failure$1(FireworksSuite.scala:170)
	at fireworks.FireworksSuite.checkProperty(FireworksSuite.scala:177)
	at fireworks.FireworksSuite.property$$anonfun$1(FireworksSuite.scala:164)
</failure>
                    </testcase><testcase classname="fireworks.FireworksSuite" name="Operation 'next' on class 'Launched' should return an 'Exploding' value if the 'countDown' is zero or negative" time="0.001">
                      <failure message="java.lang.AssertionError: An exception was thrown during property evaluation: scala.NotImplementedError: an implementation is missing" type="sbt.ForkMain$ForkError">sbt.ForkMain$ForkError: java.lang.AssertionError: An exception was thrown during property evaluation: scala.NotImplementedError: an implementation is missing
	at fireworks.FireworksSuite.failure$1(FireworksSuite.scala:170)
	at fireworks.FireworksSuite.checkProperty(FireworksSuite.scala:177)
	at fireworks.FireworksSuite.property$$anonfun$1(FireworksSuite.scala:164)
</failure>
                    </testcase><testcase classname="fireworks.FireworksSuite" name="Operation 'next' on class 'Exploding' should return an 'Exploding' value with a decremented 'countDown' until it is zero or negative" time="0.003">
                      <failure message="java.lang.AssertionError: An exception was thrown during property evaluation: scala.NotImplementedError: an implementation is missing" type="sbt.ForkMain$ForkError">sbt.ForkMain$ForkError: java.lang.AssertionError: An exception was thrown during property evaluation: scala.NotImplementedError: an implementation is missing
	at fireworks.FireworksSuite.failure$1(FireworksSuite.scala:170)
	at fireworks.FireworksSuite.checkProperty(FireworksSuite.scala:177)
	at fireworks.FireworksSuite.property$$anonfun$1(FireworksSuite.scala:164)
</failure>
                    </testcase><testcase classname="fireworks.FireworksSuite" name="Operation 'next' on class 'Exploding' should return a 'Done' value if the 'countDown' is zero or negative" time="0.001">
                      <failure message="java.lang.AssertionError: An exception was thrown during property evaluation: scala.NotImplementedError: an implementation is missing" type="sbt.ForkMain$ForkError">sbt.ForkMain$ForkError: java.lang.AssertionError: An exception was thrown during property evaluation: scala.NotImplementedError: an implementation is missing
	at fireworks.FireworksSuite.failure$1(FireworksSuite.scala:170)
	at fireworks.FireworksSuite.checkProperty(FireworksSuite.scala:177)
	at fireworks.FireworksSuite.property$$anonfun$1(FireworksSuite.scala:164)
</failure>
                    </testcase><testcase classname="fireworks.FireworksSuite" name="Operation 'next' on class 'Particle' should return a 'Particle' value that has moved" time="0.002">
                      <failure message="java.lang.AssertionError: An exception was thrown during property evaluation: scala.NotImplementedError: an implementation is missing" type="sbt.ForkMain$ForkError">sbt.ForkMain$ForkError: java.lang.AssertionError: An exception was thrown during property evaluation: scala.NotImplementedError: an implementation is missing
	at fireworks.FireworksSuite.failure$1(FireworksSuite.scala:170)
	at fireworks.FireworksSuite.checkProperty(FireworksSuite.scala:177)
	at fireworks.FireworksSuite.property$$anonfun$1(FireworksSuite.scala:164)
</failure>
                    </testcase>
          <system-out><![CDATA[]]></system-out>
          <system-err><![CDATA[]]></system-err>
        </testsuite>